<?xml version="1.0" encoding="UTF-8"?>
<!-- Generated by org.testng.reporters.JUnitXMLReporter -->
<testsuite hostname="DESKTOP-8UC6K0V" failures="3" tests="7" name="Test" time="15.171" errors="0" timestamp="1 May 2022 05:18:09 GMT">
  <testcase classname="com.lumu.automationTesting.WordCounterTest" name="checkNumberOfWordsDetails" time="0.36">
    <failure type="junit.framework.AssertionFailedError" message="La cantidad de palabras esperada era: 14 . Se obtuvo: 15">
      <![CDATA[junit.framework.AssertionFailedError: La cantidad de palabras esperada era: 14 . Se obtuvo: 15
	at junit.framework.Assert.fail(Assert.java:50)
	at junit.framework.Assert.assertTrue(Assert.java:20)
	at com.lumu.automationTesting.WordCounterTest.checkNumberOfWordsDetails(WordCounterTest.java:64)
... Removed 24 stack frames]]>
    </failure>
  </testcase> <!-- checkNumberOfWordsDetails -->
  <testcase classname="com.lumu.automationTesting.WordCounterTest" name="checkNumberOfWordsFooter" time="0.234">
    <failure type="junit.framework.AssertionFailedError" message="La cantidad de palabras esperada era: 14 . Se obtuvo: 15">
      <![CDATA[junit.framework.AssertionFailedError: La cantidad de palabras esperada era: 14 . Se obtuvo: 15
	at junit.framework.Assert.fail(Assert.java:50)
	at junit.framework.Assert.assertTrue(Assert.java:20)
	at com.lumu.automationTesting.WordCounterTest.checkNumberOfWordsFooter(WordCounterTest.java:95)
... Removed 24 stack frames]]>
    </failure>
  </testcase> <!-- checkNumberOfWordsFooter -->
  <testcase classname="com.lumu.automationTesting.WordCounterTest" name="checkNumberOfWordsTitle" time="0.062">
    <failure type="junit.framework.AssertionFailedError" message="La cantidad de palabras esperada era: 14 . Se obtuvo: 15">
      <![CDATA[junit.framework.AssertionFailedError: La cantidad de palabras esperada era: 14 . Se obtuvo: 15
	at junit.framework.Assert.fail(Assert.java:50)
	at junit.framework.Assert.assertTrue(Assert.java:20)
	at com.lumu.automationTesting.WordCounterTest.checkNumberOfWordsTitle(WordCounterTest.java:80)
... Removed 24 stack frames]]>
    </failure>
  </testcase> <!-- checkNumberOfWordsTitle -->
  <testcase classname="com.lumu.automationTesting.WordCounterTest" name="checkNumberOfCharactersDetails" time="0.061"/>
  <testcase classname="com.lumu.automationTesting.WordCounterTest" name="checkNumberOfCharactersFooter" time="0.056"/>
  <testcase classname="com.lumu.automationTesting.WordCounterTest" name="checkNumberOfCharactersTitle" time="0.065"/>
  <testcase classname="com.lumu.automationTesting.WordCounterTest" name="checkDensityWords" time="0.318"/>
</testsuite> <!-- Test -->
